[2023-03-07 17:26:56,544] [org.hibernate.validator.internal.util.Version] [background-preinit] [21] [INFO ] HV000001: Hibernate Validator 8.0.0.Final
[2023-03-07 17:26:56,581] [org.springframework.boot.StartupInfoLogger] [main] [51] [INFO ] Starting RotinaBatchApplication using Java 17.0.5 with PID 16144 (C:\training\batch\rotinaBatchXPTOBank\target\classes started by dalexadi in C:\training\batch\rotinaBatchXPTOBank)
[2023-03-07 17:26:56,582] [org.springframework.boot.SpringApplication] [main] [638] [INFO ] The following 1 profile is active: "dev"
[2023-03-07 17:26:57,037] [org.springframework.data.repository.config.RepositoryConfigurationDelegate] [main] [138] [INFO ] Bootstrapping Spring Data JPA repositories in DEFAULT mode.
[2023-03-07 17:26:57,051] [org.springframework.data.repository.config.RepositoryConfigurationDelegate] [main] [208] [INFO ] Finished Spring Data repository scanning in 8 ms. Found 0 JPA repository interfaces.
[2023-03-07 17:26:57,287] [com.zaxxer.hikari.HikariDataSource] [main] [110] [INFO ] HikariPool-1 - Starting...
[2023-03-07 17:26:57,629] [com.zaxxer.hikari.pool.HikariPool] [main] [565] [INFO ] HikariPool-1 - Added connection com.mysql.cj.jdbc.ConnectionImpl@6cd3ad8a
[2023-03-07 17:26:57,631] [com.zaxxer.hikari.HikariDataSource] [main] [123] [INFO ] HikariPool-1 - Start completed.
[2023-03-07 17:26:57,779] [org.hibernate.jpa.internal.util.LogHelper] [main] [31] [INFO ] HHH000204: Processing PersistenceUnitInfo [name: default]
[2023-03-07 17:26:57,851] [org.hibernate.Version] [main] [44] [INFO ] HHH000412: Hibernate ORM core version 6.1.7.Final
[2023-03-07 17:26:58,197] [org.hibernate.engine.jdbc.dialect.internal.DialectFactoryImpl] [main] [66] [INFO ] HHH000400: Using dialect: org.hibernate.dialect.MySQLDialect
[2023-03-07 17:26:58,449] [org.hibernate.engine.transaction.jta.platform.internal.JtaPlatformInitiator] [main] [51] [INFO ] HHH000490: Using JtaPlatform implementation: [org.hibernate.engine.transaction.jta.platform.internal.NoJtaPlatform]
[2023-03-07 17:26:58,461] [org.springframework.orm.jpa.AbstractEntityManagerFactoryBean] [main] [437] [INFO ] Initialized JPA EntityManagerFactory for persistence unit 'default'
[2023-03-07 17:26:58,665] [org.springframework.boot.StartupInfoLogger] [main] [57] [INFO ] Started RotinaBatchApplication in 2.398 seconds (process running for 3.031)
[2023-03-07 17:26:58,669] [org.springframework.boot.autoconfigure.batch.JobLauncherApplicationRunner] [main] [160] [INFO ] Running default command line with: []
[2023-03-07 17:26:58,674] [org.springframework.orm.jpa.AbstractEntityManagerFactoryBean] [SpringApplicationShutdownHook] [650] [INFO ] Closing JPA EntityManagerFactory for persistence unit 'default'
[2023-03-07 17:26:58,678] [com.zaxxer.hikari.HikariDataSource] [SpringApplicationShutdownHook] [350] [INFO ] HikariPool-1 - Shutdown initiated...
[2023-03-07 17:26:58,686] [com.zaxxer.hikari.HikariDataSource] [SpringApplicationShutdownHook] [352] [INFO ] HikariPool-1 - Shutdown completed.
[2023-03-07 18:44:25,344] [org.hibernate.validator.internal.util.Version] [background-preinit] [21] [INFO ] HV000001: Hibernate Validator 8.0.0.Final
[2023-03-07 18:44:25,390] [org.springframework.boot.StartupInfoLogger] [main] [51] [INFO ] Starting RotinaBatchApplication using Java 17.0.5 with PID 10660 (C:\training\batch\rotinaBatchXPTOBank\target\classes started by dalexadi in C:\training\batch\rotinaBatchXPTOBank)
[2023-03-07 18:44:25,392] [org.springframework.boot.SpringApplication] [main] [638] [INFO ] The following 1 profile is active: "dev"
[2023-03-07 18:44:25,955] [org.springframework.data.repository.config.RepositoryConfigurationDelegate] [main] [138] [INFO ] Bootstrapping Spring Data JPA repositories in DEFAULT mode.
[2023-03-07 18:44:25,975] [org.springframework.data.repository.config.RepositoryConfigurationDelegate] [main] [208] [INFO ] Finished Spring Data repository scanning in 11 ms. Found 0 JPA repository interfaces.
[2023-03-07 18:44:26,297] [com.zaxxer.hikari.HikariDataSource] [main] [110] [INFO ] HikariPool-1 - Starting...
[2023-03-07 18:44:26,618] [com.zaxxer.hikari.pool.HikariPool] [main] [565] [INFO ] HikariPool-1 - Added connection com.mysql.cj.jdbc.ConnectionImpl@2a367e93
[2023-03-07 18:44:26,619] [com.zaxxer.hikari.HikariDataSource] [main] [123] [INFO ] HikariPool-1 - Start completed.
[2023-03-07 18:44:26,754] [org.hibernate.jpa.internal.util.LogHelper] [main] [31] [INFO ] HHH000204: Processing PersistenceUnitInfo [name: default]
[2023-03-07 18:44:26,807] [org.hibernate.Version] [main] [44] [INFO ] HHH000412: Hibernate ORM core version 6.1.7.Final
[2023-03-07 18:44:27,213] [org.hibernate.engine.jdbc.dialect.internal.DialectFactoryImpl] [main] [66] [INFO ] HHH000400: Using dialect: org.hibernate.dialect.MySQLDialect
[2023-03-07 18:44:27,470] [org.hibernate.engine.transaction.jta.platform.internal.JtaPlatformInitiator] [main] [51] [INFO ] HHH000490: Using JtaPlatform implementation: [org.hibernate.engine.transaction.jta.platform.internal.NoJtaPlatform]
[2023-03-07 18:44:27,481] [org.springframework.orm.jpa.AbstractEntityManagerFactoryBean] [main] [437] [INFO ] Initialized JPA EntityManagerFactory for persistence unit 'default'
[2023-03-07 18:44:27,566] [org.springframework.context.support.AbstractApplicationContext] [main] [592] [WARN ] Exception encountered during context initialization - cancelling refresh attempt: org.springframework.beans.factory.UnsatisfiedDependencyException: Error creating bean with name 'contasBancariasJob' defined in class path resource [br/com/bancoxpto/rotinaBatch/job/ContasBancariasJobConfig.class]: Unsatisfied dependency expressed through method 'contasBancariasJob' parameter 1: Error creating bean with name 'contasBancariasStep' defined in class path resource [br/com/bancoxpto/rotinaBatch/step/ContasBancariasStepConfig.class]: Unsatisfied dependency expressed through method 'contasBancariasStep' parameter 0: No qualifying bean of type 'org.springframework.batch.item.ItemReader<br.com.bancoxpto.rotinaBatch.model.Cliente>' available: expected at least 1 bean which qualifies as autowire candidate. Dependency annotations: {}
[2023-03-07 18:44:27,566] [org.springframework.orm.jpa.AbstractEntityManagerFactoryBean] [main] [650] [INFO ] Closing JPA EntityManagerFactory for persistence unit 'default'
[2023-03-07 18:44:27,570] [com.zaxxer.hikari.HikariDataSource] [main] [350] [INFO ] HikariPool-1 - Shutdown initiated...
[2023-03-07 18:44:27,578] [com.zaxxer.hikari.HikariDataSource] [main] [352] [INFO ] HikariPool-1 - Shutdown completed.
[2023-03-07 18:44:27,585] [org.springframework.boot.autoconfigure.logging.ConditionEvaluationReportLogger] [main] [82] [INFO ] 

Error starting ApplicationContext. To display the condition evaluation report re-run your application with 'debug' enabled.
[2023-03-07 18:44:27,611] [org.springframework.boot.diagnostics.LoggingFailureAnalysisReporter] [main] [40] [ERROR] 

***************************
APPLICATION FAILED TO START
***************************

Description:

Parameter 0 of method contasBancariasStep in br.com.bancoxpto.rotinaBatch.step.ContasBancariasStepConfig required a bean of type 'org.springframework.batch.item.ItemReader' that could not be found.

The following candidates were found but could not be injected:
	- User-defined bean method 'contasBancariasReader' in 'ContasBancariasReaderConfig' ignored as the bean value is null


Action:

Consider revisiting the entries above or defining a bean of type 'org.springframework.batch.item.ItemReader' in your configuration.

[2023-03-07 20:47:44,426] [org.hibernate.validator.internal.util.Version] [background-preinit] [21] [INFO ] HV000001: Hibernate Validator 8.0.0.Final
[2023-03-07 20:47:44,467] [org.springframework.boot.StartupInfoLogger] [main] [51] [INFO ] Starting RotinaBatchApplication using Java 17.0.5 with PID 13192 (C:\training\batch\rotinaBatchXPTOBank\target\classes started by dalexadi in C:\training\batch\rotinaBatchXPTOBank)
[2023-03-07 20:47:44,470] [org.springframework.boot.SpringApplication] [main] [638] [INFO ] The following 1 profile is active: "dev"
[2023-03-07 20:47:44,962] [org.springframework.data.repository.config.RepositoryConfigurationDelegate] [main] [138] [INFO ] Bootstrapping Spring Data JPA repositories in DEFAULT mode.
[2023-03-07 20:47:44,982] [org.springframework.data.repository.config.RepositoryConfigurationDelegate] [main] [208] [INFO ] Finished Spring Data repository scanning in 12 ms. Found 0 JPA repository interfaces.
[2023-03-07 20:47:45,282] [com.zaxxer.hikari.HikariDataSource] [main] [110] [INFO ] HikariPool-1 - Starting...
[2023-03-07 20:47:45,589] [com.zaxxer.hikari.pool.HikariPool] [main] [565] [INFO ] HikariPool-1 - Added connection com.mysql.cj.jdbc.ConnectionImpl@3b48e183
[2023-03-07 20:47:45,590] [com.zaxxer.hikari.HikariDataSource] [main] [123] [INFO ] HikariPool-1 - Start completed.
[2023-03-07 20:47:45,706] [org.hibernate.jpa.internal.util.LogHelper] [main] [31] [INFO ] HHH000204: Processing PersistenceUnitInfo [name: default]
[2023-03-07 20:47:45,762] [org.hibernate.Version] [main] [44] [INFO ] HHH000412: Hibernate ORM core version 6.1.7.Final
[2023-03-07 20:47:46,082] [org.hibernate.engine.jdbc.dialect.internal.DialectFactoryImpl] [main] [66] [INFO ] HHH000400: Using dialect: org.hibernate.dialect.MySQLDialect
[2023-03-07 20:47:46,313] [org.hibernate.engine.transaction.jta.platform.internal.JtaPlatformInitiator] [main] [51] [INFO ] HHH000490: Using JtaPlatform implementation: [org.hibernate.engine.transaction.jta.platform.internal.NoJtaPlatform]
[2023-03-07 20:47:46,326] [org.springframework.orm.jpa.AbstractEntityManagerFactoryBean] [main] [437] [INFO ] Initialized JPA EntityManagerFactory for persistence unit 'default'
[2023-03-07 20:47:46,403] [com.zaxxer.hikari.HikariDataSource] [main] [110] [INFO ] HikariPool-2 - Starting...
[2023-03-07 20:47:46,427] [com.zaxxer.hikari.pool.HikariPool] [main] [565] [INFO ] HikariPool-2 - Added connection com.mysql.cj.jdbc.ConnectionImpl@22fb9a2c
[2023-03-07 20:47:46,428] [com.zaxxer.hikari.HikariDataSource] [main] [123] [INFO ] HikariPool-2 - Start completed.
[2023-03-07 20:47:46,619] [org.springframework.boot.StartupInfoLogger] [main] [57] [INFO ] Started RotinaBatchApplication in 2.481 seconds (process running for 2.973)
[2023-03-07 20:47:46,622] [org.springframework.boot.autoconfigure.batch.JobLauncherApplicationRunner] [main] [160] [INFO ] Running default command line with: []
[2023-03-07 20:47:46,760] [org.springframework.batch.core.launch.support.SimpleJobLauncher$1] [main] [154] [INFO ] Job: [SimpleJob: [name=contasBancariasJob]] launched with the following parameters: [{'run.id':'{value=1, type=class java.lang.Long, identifying=true}'}]
[2023-03-07 20:47:46,788] [org.springframework.batch.core.job.SimpleStepHandler] [main] [150] [INFO ] Executing step: [contasBancariasStep]
[2023-03-07 20:47:46,820] [br.com.bancoxpto.rotinaBatch.writer.ContasBancariasWriterConfig] [main] [18] [INFO ] Conta(id=0, tipoConta=PRATA, Limite=500.0, cliente=Cliente(nome=Mariam Reichert PhD, idade=56, email=abernier@example.com, faixaSalarial=889.2))
[2023-03-07 20:47:46,829] [br.com.bancoxpto.rotinaBatch.writer.ContasBancariasWriterConfig] [main] [18] [INFO ] Conta(id=0, tipoConta=PRATA, Limite=500.0, cliente=Cliente(nome=Kyra Gutmann, idade=58, email=alexandria.gutmann@example.org, faixaSalarial=2084.11))
[2023-03-07 20:47:46,835] [br.com.bancoxpto.rotinaBatch.writer.ContasBancariasWriterConfig] [main] [18] [INFO ] Conta(id=0, tipoConta=PRATA, Limite=500.0, cliente=Cliente(nome=Mrs. Ashlynn Treutel, idade=61, email=amani.wuckert@example.net, faixaSalarial=395.25))
[2023-03-07 20:47:46,843] [br.com.bancoxpto.rotinaBatch.writer.ContasBancariasWriterConfig] [main] [18] [INFO ] Conta(id=0, tipoConta=PRATA, Limite=500.0, cliente=Cliente(nome=Cassie Breitenberg, idade=66, email=ankunding.cheyanne@example.net, faixaSalarial=407.48))
[2023-03-07 20:47:46,849] [br.com.bancoxpto.rotinaBatch.writer.ContasBancariasWriterConfig] [main] [18] [INFO ] Conta(id=0, tipoConta=DIAMANTE, Limite=5000.0, cliente=Cliente(nome=Herman Skiles, idade=97, email=asimonis@example.net, faixaSalarial=522577.31))
[2023-03-07 20:47:46,859] [br.com.bancoxpto.rotinaBatch.writer.ContasBancariasWriterConfig] [main] [18] [INFO ] Conta(id=0, tipoConta=PRATA, Limite=500.0, cliente=Cliente(nome=Ashly Sawayn I, idade=80, email=bell.botsford@example.org, faixaSalarial=584.0))
[2023-03-07 20:47:46,868] [br.com.bancoxpto.rotinaBatch.writer.ContasBancariasWriterConfig] [main] [18] [INFO ] Conta(id=0, tipoConta=DIAMANTE, Limite=5000.0, cliente=Cliente(nome=Abigail Hagenes, idade=44, email=bernier.junius@example.org, faixaSalarial=689550.84))
[2023-03-07 20:47:46,878] [br.com.bancoxpto.rotinaBatch.writer.ContasBancariasWriterConfig] [main] [18] [INFO ] Conta(id=0, tipoConta=DIAMANTE, Limite=5000.0, cliente=Cliente(nome=Denis Schroeder, idade=62, email=berry.heaney@example.net, faixaSalarial=297487.77))
[2023-03-07 20:47:46,886] [br.com.bancoxpto.rotinaBatch.writer.ContasBancariasWriterConfig] [main] [18] [INFO ] Conta(id=0, tipoConta=DIAMANTE, Limite=5000.0, cliente=Cliente(nome=Yessenia Rau II, idade=34, email=bkris@example.org, faixaSalarial=7556151.11))
[2023-03-07 20:47:46,895] [br.com.bancoxpto.rotinaBatch.writer.ContasBancariasWriterConfig] [main] [18] [INFO ] Conta(id=0, tipoConta=PRATA, Limite=500.0, cliente=Cliente(nome=Magali Feil, idade=30, email=brice52@example.com, faixaSalarial=617.38))
[2023-03-07 20:47:46,902] [br.com.bancoxpto.rotinaBatch.writer.ContasBancariasWriterConfig] [main] [18] [INFO ] Conta(id=0, tipoConta=DIAMANTE, Limite=5000.0, cliente=Cliente(nome=Melany Mann, idade=58, email=bridie93@example.net, faixaSalarial=18359059.13))
[2023-03-07 20:47:46,909] [br.com.bancoxpto.rotinaBatch.writer.ContasBancariasWriterConfig] [main] [18] [INFO ] Conta(id=0, tipoConta=DIAMANTE, Limite=5000.0, cliente=Cliente(nome=Emily Bradtke I, idade=80, email=brown.aliya@example.org, faixaSalarial=403492464.41))
[2023-03-07 20:47:46,914] [br.com.bancoxpto.rotinaBatch.writer.ContasBancariasWriterConfig] [main] [18] [INFO ] Conta(id=0, tipoConta=DIAMANTE, Limite=5000.0, cliente=Cliente(nome=Miss Rossie Kohler II, idade=31, email=buckridge.tiana@example.com, faixaSalarial=31118.75))
[2023-03-07 20:47:46,920] [br.com.bancoxpto.rotinaBatch.writer.ContasBancariasWriterConfig] [main] [18] [INFO ] Conta(id=0, tipoConta=PRATA, Limite=500.0, cliente=Cliente(nome=Dr. Reba Grady III, idade=78, email=carlie15@example.org, faixaSalarial=1590.43))
[2023-03-07 20:47:46,926] [br.com.bancoxpto.rotinaBatch.writer.ContasBancariasWriterConfig] [main] [18] [INFO ] Conta(id=0, tipoConta=DIAMANTE, Limite=5000.0, cliente=Cliente(nome=Dr. Brycen Kirlin, idade=89, email=celestino10@example.org, faixaSalarial=190891.39))
[2023-03-07 20:47:46,932] [br.com.bancoxpto.rotinaBatch.writer.ContasBancariasWriterConfig] [main] [18] [INFO ] Conta(id=0, tipoConta=DIAMANTE, Limite=5000.0, cliente=Cliente(nome=Ova Hauck, idade=28, email=celine.cummerata@example.org, faixaSalarial=77999571.99))
[2023-03-07 20:47:46,936] [br.com.bancoxpto.rotinaBatch.writer.ContasBancariasWriterConfig] [main] [18] [INFO ] Conta(id=0, tipoConta=PRATA, Limite=500.0, cliente=Cliente(nome=Miss Cortney Doyle, idade=49, email=cordie.eichmann@example.com, faixaSalarial=104.41))
[2023-03-07 20:47:46,941] [br.com.bancoxpto.rotinaBatch.writer.ContasBancariasWriterConfig] [main] [18] [INFO ] Conta(id=0, tipoConta=DIAMANTE, Limite=5000.0, cliente=Cliente(nome=Kristofer Sipes MD, idade=92, email=cronin.theo@example.org, faixaSalarial=305397.43))
[2023-03-07 20:47:46,946] [br.com.bancoxpto.rotinaBatch.writer.ContasBancariasWriterConfig] [main] [18] [INFO ] Conta(id=0, tipoConta=PRATA, Limite=500.0, cliente=Cliente(nome=Benny Denesik Jr., idade=57, email=dejon41@example.net, faixaSalarial=977.83))
[2023-03-07 20:47:46,951] [br.com.bancoxpto.rotinaBatch.writer.ContasBancariasWriterConfig] [main] [18] [INFO ] Conta(id=0, tipoConta=DIAMANTE, Limite=5000.0, cliente=Cliente(nome=Lea Miller, idade=37, email=dejuan67@example.com, faixaSalarial=85384934.62))
[2023-03-07 20:47:46,956] [br.com.bancoxpto.rotinaBatch.writer.ContasBancariasWriterConfig] [main] [18] [INFO ] Conta(id=0, tipoConta=DIAMANTE, Limite=5000.0, cliente=Cliente(nome=Bryana Hermann, idade=47, email=demetrius.fisher@example.net, faixaSalarial=443450.12))
[2023-03-07 20:47:46,961] [br.com.bancoxpto.rotinaBatch.writer.ContasBancariasWriterConfig] [main] [18] [INFO ] Conta(id=0, tipoConta=DIAMANTE, Limite=5000.0, cliente=Cliente(nome=Donnell Lind MD, idade=21, email=denesik.ruben@example.com, faixaSalarial=14897.49))
[2023-03-07 20:47:46,967] [br.com.bancoxpto.rotinaBatch.writer.ContasBancariasWriterConfig] [main] [18] [INFO ] Conta(id=0, tipoConta=DIAMANTE, Limite=5000.0, cliente=Cliente(nome=Ken Auer II, idade=58, email=derek.paucek@example.org, faixaSalarial=36583.92))
[2023-03-07 20:47:46,972] [br.com.bancoxpto.rotinaBatch.writer.ContasBancariasWriterConfig] [main] [18] [INFO ] Conta(id=0, tipoConta=DIAMANTE, Limite=5000.0, cliente=Cliente(nome=Leonel Adams, idade=92, email=destini.marks@example.org, faixaSalarial=34276761.76))
[2023-03-07 20:47:46,977] [br.com.bancoxpto.rotinaBatch.writer.ContasBancariasWriterConfig] [main] [18] [INFO ] Conta(id=0, tipoConta=DIAMANTE, Limite=5000.0, cliente=Cliente(nome=Dr. Laverna Barrows DDS, idade=79, email=dkilback@example.org, faixaSalarial=695233169.5))
[2023-03-07 20:47:46,982] [br.com.bancoxpto.rotinaBatch.writer.ContasBancariasWriterConfig] [main] [18] [INFO ] Conta(id=0, tipoConta=PRATA, Limite=500.0, cliente=Cliente(nome=Regan Walter PhD, idade=83, email=dkoepp@example.com, faixaSalarial=2140.55))
[2023-03-07 20:47:46,986] [br.com.bancoxpto.rotinaBatch.writer.ContasBancariasWriterConfig] [main] [18] [INFO ] Conta(id=0, tipoConta=DIAMANTE, Limite=5000.0, cliente=Cliente(nome=Tom Hirthe, idade=32, email=dsanford@example.org, faixaSalarial=13564.87))
[2023-03-07 20:47:46,993] [br.com.bancoxpto.rotinaBatch.writer.ContasBancariasWriterConfig] [main] [18] [INFO ] Conta(id=0, tipoConta=PRATA, Limite=500.0, cliente=Cliente(nome=Stanford Davis, idade=87, email=ernser.sarah@example.org, faixaSalarial=146.82))
[2023-03-07 20:47:46,998] [br.com.bancoxpto.rotinaBatch.writer.ContasBancariasWriterConfig] [main] [18] [INFO ] Conta(id=0, tipoConta=PRATA, Limite=500.0, cliente=Cliente(nome=Stacy Kilback, idade=24, email=farrell.noemy@example.org, faixaSalarial=413.61))
[2023-03-07 20:47:47,003] [br.com.bancoxpto.rotinaBatch.writer.ContasBancariasWriterConfig] [main] [18] [INFO ] Conta(id=0, tipoConta=PRATA, Limite=500.0, cliente=Cliente(nome=Mr. Eldred Nikolaus MD, idade=53, email=freddie94@example.org, faixaSalarial=130.73))
[2023-03-07 20:47:47,007] [br.com.bancoxpto.rotinaBatch.writer.ContasBancariasWriterConfig] [main] [18] [INFO ] Conta(id=0, tipoConta=DIAMANTE, Limite=5000.0, cliente=Cliente(nome=Mr. Zack Wisozk, idade=51, email=freichel@example.net, faixaSalarial=163801089.81))
[2023-03-07 20:47:47,012] [br.com.bancoxpto.rotinaBatch.writer.ContasBancariasWriterConfig] [main] [18] [INFO ] Conta(id=0, tipoConta=PRATA, Limite=500.0, cliente=Cliente(nome=Dusty Kunde, idade=68, email=freynolds@example.com, faixaSalarial=606.36))
[2023-03-07 20:47:47,017] [br.com.bancoxpto.rotinaBatch.writer.ContasBancariasWriterConfig] [main] [18] [INFO ] Conta(id=0, tipoConta=PRATA, Limite=500.0, cliente=Cliente(nome=Maxie O'Reilly III, idade=62, email=garrison.larson@example.com, faixaSalarial=634.82))
[2023-03-07 20:47:47,024] [br.com.bancoxpto.rotinaBatch.writer.ContasBancariasWriterConfig] [main] [18] [INFO ] Conta(id=0, tipoConta=PRATA, Limite=500.0, cliente=Cliente(nome=Mr. Moshe Mraz, idade=23, email=gdonnelly@example.org, faixaSalarial=352.12))
[2023-03-07 20:47:47,029] [br.com.bancoxpto.rotinaBatch.writer.ContasBancariasWriterConfig] [main] [18] [INFO ] Conta(id=0, tipoConta=DIAMANTE, Limite=5000.0, cliente=Cliente(nome=Prof. Barbara Dach, idade=27, email=geo.dach@example.org, faixaSalarial=29984721.28))
[2023-03-07 20:47:47,036] [br.com.bancoxpto.rotinaBatch.writer.ContasBancariasWriterConfig] [main] [18] [INFO ] Conta(id=0, tipoConta=PRATA, Limite=500.0, cliente=Cliente(nome=Jenifer Muller, idade=82, email=gleason.daphney@example.com, faixaSalarial=151.69))
[2023-03-07 20:47:47,043] [br.com.bancoxpto.rotinaBatch.writer.ContasBancariasWriterConfig] [main] [18] [INFO ] Conta(id=0, tipoConta=DIAMANTE, Limite=5000.0, cliente=Cliente(nome=Dr. Frederic Little, idade=96, email=gulgowski.kali@example.com, faixaSalarial=62463470.79))
[2023-03-07 20:47:47,050] [br.com.bancoxpto.rotinaBatch.writer.ContasBancariasWriterConfig] [main] [18] [INFO ] Conta(id=0, tipoConta=DIAMANTE, Limite=5000.0, cliente=Cliente(nome=Bert Cummings, idade=75, email=halvorson.ivy@example.net, faixaSalarial=188671.16))
[2023-03-07 20:47:47,057] [br.com.bancoxpto.rotinaBatch.writer.ContasBancariasWriterConfig] [main] [18] [INFO ] Conta(id=0, tipoConta=PRATA, Limite=500.0, cliente=Cliente(nome=Ardith Wilkinson, idade=45, email=harrison.bradtke@example.com, faixaSalarial=1467.07))
[2023-03-07 20:47:47,064] [br.com.bancoxpto.rotinaBatch.writer.ContasBancariasWriterConfig] [main] [18] [INFO ] Conta(id=0, tipoConta=DIAMANTE, Limite=5000.0, cliente=Cliente(nome=Twila Stark, idade=35, email=heaney.meggie@example.org, faixaSalarial=7792.28))
[2023-03-07 20:47:47,070] [br.com.bancoxpto.rotinaBatch.writer.ContasBancariasWriterConfig] [main] [18] [INFO ] Conta(id=0, tipoConta=DIAMANTE, Limite=5000.0, cliente=Cliente(nome=Thelma Cormier, idade=88, email=hilario79@example.org, faixaSalarial=189193721.73))
[2023-03-07 20:47:47,078] [br.com.bancoxpto.rotinaBatch.writer.ContasBancariasWriterConfig] [main] [18] [INFO ] Conta(id=0, tipoConta=PRATA, Limite=500.0, cliente=Cliente(nome=Prof. Van Auer, idade=22, email=homenick.sydney@example.com, faixaSalarial=1250.65))
[2023-03-07 20:47:47,086] [br.com.bancoxpto.rotinaBatch.writer.ContasBancariasWriterConfig] [main] [18] [INFO ] Conta(id=0, tipoConta=PRATA, Limite=500.0, cliente=Cliente(nome=Prof. Palma Spinka, idade=28, email=howe.elian@example.net, faixaSalarial=26.86))
[2023-03-07 20:47:47,093] [br.com.bancoxpto.rotinaBatch.writer.ContasBancariasWriterConfig] [main] [18] [INFO ] Conta(id=0, tipoConta=PRATA, Limite=500.0, cliente=Cliente(nome=Norene Ortiz, idade=49, email=ignatius.kuhlman@example.org, faixaSalarial=808.06))
[2023-03-07 20:47:47,100] [br.com.bancoxpto.rotinaBatch.writer.ContasBancariasWriterConfig] [main] [18] [INFO ] Conta(id=0, tipoConta=PRATA, Limite=500.0, cliente=Cliente(nome=Wava Buckridge, idade=49, email=jacobi.megane@example.com, faixaSalarial=29.88))
[2023-03-07 20:47:47,109] [br.com.bancoxpto.rotinaBatch.writer.ContasBancariasWriterConfig] [main] [18] [INFO ] Conta(id=0, tipoConta=DIAMANTE, Limite=5000.0, cliente=Cliente(nome=Prof. Cameron Keeling, idade=75, email=jody41@example.com, faixaSalarial=4683692.41))
[2023-03-07 20:47:47,116] [br.com.bancoxpto.rotinaBatch.writer.ContasBancariasWriterConfig] [main] [18] [INFO ] Conta(id=0, tipoConta=PRATA, Limite=500.0, cliente=Cliente(nome=Zack Stiedemann, idade=77, email=julian81@example.com, faixaSalarial=701.35))
[2023-03-07 20:47:47,123] [br.com.bancoxpto.rotinaBatch.writer.ContasBancariasWriterConfig] [main] [18] [INFO ] Conta(id=0, tipoConta=PRATA, Limite=500.0, cliente=Cliente(nome=Haven Mann, idade=66, email=kaley41@example.org, faixaSalarial=809.64))
[2023-03-07 20:47:47,130] [br.com.bancoxpto.rotinaBatch.writer.ContasBancariasWriterConfig] [main] [18] [INFO ] Conta(id=0, tipoConta=DIAMANTE, Limite=5000.0, cliente=Cliente(nome=Francisco Swaniawski, idade=80, email=kariane.marvin@example.org, faixaSalarial=204014467.33))
[2023-03-07 20:47:47,138] [br.com.bancoxpto.rotinaBatch.writer.ContasBancariasWriterConfig] [main] [18] [INFO ] Conta(id=0, tipoConta=PRATA, Limite=500.0, cliente=Cliente(nome=Prof. Lavonne King, idade=73, email=karianne.wolff@example.org, faixaSalarial=199.97))
[2023-03-07 20:47:47,145] [br.com.bancoxpto.rotinaBatch.writer.ContasBancariasWriterConfig] [main] [18] [INFO ] Conta(id=0, tipoConta=PRATA, Limite=500.0, cliente=Cliente(nome=Keith Hoeger, idade=47, email=klocko.kareem@example.net, faixaSalarial=405.51))
[2023-03-07 20:47:47,153] [br.com.bancoxpto.rotinaBatch.writer.ContasBancariasWriterConfig] [main] [18] [INFO ] Conta(id=0, tipoConta=PRATA, Limite=500.0, cliente=Cliente(nome=Mrs. Avis Gerhold, idade=99, email=kunde.kraig@example.org, faixaSalarial=1155.96))
[2023-03-07 20:47:47,159] [br.com.bancoxpto.rotinaBatch.writer.ContasBancariasWriterConfig] [main] [18] [INFO ] Conta(id=0, tipoConta=DIAMANTE, Limite=5000.0, cliente=Cliente(nome=Dr. Clair Bayer, idade=78, email=kunze.aniya@example.com, faixaSalarial=32062756.73))
[2023-03-07 20:47:47,165] [br.com.bancoxpto.rotinaBatch.writer.ContasBancariasWriterConfig] [main] [18] [INFO ] Conta(id=0, tipoConta=PRATA, Limite=500.0, cliente=Cliente(nome=Elyssa Gerhold, idade=60, email=magdalen99@example.org, faixaSalarial=964.64))
[2023-03-07 20:47:47,172] [br.com.bancoxpto.rotinaBatch.writer.ContasBancariasWriterConfig] [main] [18] [INFO ] Conta(id=0, tipoConta=PRATA, Limite=500.0, cliente=Cliente(nome=Anastasia Kemmer, idade=19, email=maiya.boehm@example.org, faixaSalarial=984.76))
[2023-03-07 20:47:47,179] [br.com.bancoxpto.rotinaBatch.writer.ContasBancariasWriterConfig] [main] [18] [INFO ] Conta(id=0, tipoConta=OURO, Limite=1000.0, cliente=Cliente(nome=Maegan Hackett, idade=58, email=marilyne.mcglynn@example.net, faixaSalarial=3305.84))
[2023-03-07 20:47:47,184] [br.com.bancoxpto.rotinaBatch.writer.ContasBancariasWriterConfig] [main] [18] [INFO ] Conta(id=0, tipoConta=DIAMANTE, Limite=5000.0, cliente=Cliente(nome=Eladio Weber, idade=58, email=marlene.beahan@example.net, faixaSalarial=325997037.21))
[2023-03-07 20:47:47,189] [br.com.bancoxpto.rotinaBatch.writer.ContasBancariasWriterConfig] [main] [18] [INFO ] Conta(id=0, tipoConta=DIAMANTE, Limite=5000.0, cliente=Cliente(nome=Damien Bauch, idade=29, email=maurine88@example.org, faixaSalarial=10847.18))
[2023-03-07 20:47:47,195] [br.com.bancoxpto.rotinaBatch.writer.ContasBancariasWriterConfig] [main] [18] [INFO ] Conta(id=0, tipoConta=DIAMANTE, Limite=5000.0, cliente=Cliente(nome=Dr. Gabe Paucek, idade=41, email=medhurst.tiffany@example.net, faixaSalarial=3997102.27))
[2023-03-07 20:47:47,200] [br.com.bancoxpto.rotinaBatch.writer.ContasBancariasWriterConfig] [main] [18] [INFO ] Conta(id=0, tipoConta=DIAMANTE, Limite=5000.0, cliente=Cliente(nome=Mr. Mustafa Altenwerth, idade=93, email=mgleason@example.net, faixaSalarial=275805079.07))
[2023-03-07 20:47:47,205] [br.com.bancoxpto.rotinaBatch.writer.ContasBancariasWriterConfig] [main] [18] [INFO ] Conta(id=0, tipoConta=DIAMANTE, Limite=5000.0, cliente=Cliente(nome=Madie Bechtelar, idade=23, email=milford.corkery@example.net, faixaSalarial=135858.96))
[2023-03-07 20:47:47,210] [br.com.bancoxpto.rotinaBatch.writer.ContasBancariasWriterConfig] [main] [18] [INFO ] Conta(id=0, tipoConta=DIAMANTE, Limite=5000.0, cliente=Cliente(nome=Gladys Goodwin, idade=27, email=milton.white@example.org, faixaSalarial=8217.66))
[2023-03-07 20:47:47,215] [br.com.bancoxpto.rotinaBatch.writer.ContasBancariasWriterConfig] [main] [18] [INFO ] Conta(id=0, tipoConta=DIAMANTE, Limite=5000.0, cliente=Cliente(nome=Moshe Spencer, idade=29, email=molly.feil@example.org, faixaSalarial=28407202.05))
[2023-03-07 20:47:47,220] [br.com.bancoxpto.rotinaBatch.writer.ContasBancariasWriterConfig] [main] [18] [INFO ] Conta(id=0, tipoConta=DIAMANTE, Limite=5000.0, cliente=Cliente(nome=Ms. Sandrine Nienow, idade=62, email=mstehr@example.net, faixaSalarial=30658330.39))
[2023-03-07 20:47:47,224] [br.com.bancoxpto.rotinaBatch.writer.ContasBancariasWriterConfig] [main] [18] [INFO ] Conta(id=0, tipoConta=PRATA, Limite=500.0, cliente=Cliente(nome=Joanie Purdy, idade=34, email=ncorkery@example.org, faixaSalarial=800.14))
[2023-03-07 20:47:47,229] [br.com.bancoxpto.rotinaBatch.writer.ContasBancariasWriterConfig] [main] [18] [INFO ] Conta(id=0, tipoConta=DIAMANTE, Limite=5000.0, cliente=Cliente(nome=Miss Lila Jacobs Sr., idade=74, email=nwehner@example.org, faixaSalarial=41300639))
[2023-03-07 20:47:47,233] [br.com.bancoxpto.rotinaBatch.writer.ContasBancariasWriterConfig] [main] [18] [INFO ] Conta(id=0, tipoConta=PRATA, Limite=500.0, cliente=Cliente(nome=Sydnee Koelpin, idade=21, email=octavia.white@example.com, faixaSalarial=792.82))
[2023-03-07 20:47:47,238] [br.com.bancoxpto.rotinaBatch.writer.ContasBancariasWriterConfig] [main] [18] [INFO ] Conta(id=0, tipoConta=DIAMANTE, Limite=5000.0, cliente=Cliente(nome=Ibrahim Kiehn MD, idade=33, email=oswald.parisian@example.net, faixaSalarial=78729.77))
[2023-03-07 20:47:47,242] [br.com.bancoxpto.rotinaBatch.writer.ContasBancariasWriterConfig] [main] [18] [INFO ] Conta(id=0, tipoConta=DIAMANTE, Limite=5000.0, cliente=Cliente(nome=Adrianna Hilpert, idade=61, email=pfeffer.louisa@example.com, faixaSalarial=1802878.73))
[2023-03-07 20:47:47,247] [br.com.bancoxpto.rotinaBatch.writer.ContasBancariasWriterConfig] [main] [18] [INFO ] Conta(id=0, tipoConta=PRATA, Limite=500.0, cliente=Cliente(nome=Agustin Champlin, idade=20, email=pink.schoen@example.com, faixaSalarial=839.61))
[2023-03-07 20:47:47,252] [br.com.bancoxpto.rotinaBatch.writer.ContasBancariasWriterConfig] [main] [18] [INFO ] Conta(id=0, tipoConta=DIAMANTE, Limite=5000.0, cliente=Cliente(nome=Elijah Carter, idade=64, email=qdonnelly@example.net, faixaSalarial=33041.46))
[2023-03-07 20:47:47,257] [br.com.bancoxpto.rotinaBatch.writer.ContasBancariasWriterConfig] [main] [18] [INFO ] Conta(id=0, tipoConta=OURO, Limite=1000.0, cliente=Cliente(nome=Rhiannon Kirlin PhD, idade=20, email=qfahey@example.com, faixaSalarial=3830.46))
[2023-03-07 20:47:47,264] [br.com.bancoxpto.rotinaBatch.writer.ContasBancariasWriterConfig] [main] [18] [INFO ] Conta(id=0, tipoConta=PRATA, Limite=500.0, cliente=Cliente(nome=Keeley Lindgren, idade=98, email=qrau@example.com, faixaSalarial=354.53))
[2023-03-07 20:47:47,268] [br.com.bancoxpto.rotinaBatch.writer.ContasBancariasWriterConfig] [main] [18] [INFO ] Conta(id=0, tipoConta=DIAMANTE, Limite=5000.0, cliente=Cliente(nome=Prof. Margarita Conn V, idade=31, email=quinton.koelpin@example.org, faixaSalarial=23164.7))
[2023-03-07 20:47:47,274] [br.com.bancoxpto.rotinaBatch.writer.ContasBancariasWriterConfig] [main] [18] [INFO ] Conta(id=0, tipoConta=OURO, Limite=1000.0, cliente=Cliente(nome=Tyree Luettgen, idade=43, email=rcorwin@example.org, faixaSalarial=3198.02))
[2023-03-07 20:47:47,279] [br.com.bancoxpto.rotinaBatch.writer.ContasBancariasWriterConfig] [main] [18] [INFO ] Conta(id=0, tipoConta=DIAMANTE, Limite=5000.0, cliente=Cliente(nome=Emmanuelle Waelchi, idade=50, email=reilly.emmie@example.net, faixaSalarial=14555593.68))
[2023-03-07 20:47:47,284] [br.com.bancoxpto.rotinaBatch.writer.ContasBancariasWriterConfig] [main] [18] [INFO ] Conta(id=0, tipoConta=PRATA, Limite=500.0, cliente=Cliente(nome=Josh Abbott, idade=98, email=rex.frami@example.org, faixaSalarial=1151.21))
[2023-03-07 20:47:47,290] [br.com.bancoxpto.rotinaBatch.writer.ContasBancariasWriterConfig] [main] [18] [INFO ] Conta(id=0, tipoConta=PRATA, Limite=500.0, cliente=Cliente(nome=Mrs. Kaylah Wyman DVM, idade=37, email=roberto09@example.org, faixaSalarial=686.48))
[2023-03-07 20:47:47,295] [br.com.bancoxpto.rotinaBatch.writer.ContasBancariasWriterConfig] [main] [18] [INFO ] Conta(id=0, tipoConta=PRATA, Limite=500.0, cliente=Cliente(nome=Skyla Raynor, idade=76, email=rose71@example.net, faixaSalarial=902.09))
[2023-03-07 20:47:47,300] [br.com.bancoxpto.rotinaBatch.writer.ContasBancariasWriterConfig] [main] [18] [INFO ] Conta(id=0, tipoConta=PRATA, Limite=500.0, cliente=Cliente(nome=Mr. Baron Hodkiewicz DDS, idade=34, email=rossie25@example.org, faixaSalarial=887.3))
[2023-03-07 20:47:47,307] [br.com.bancoxpto.rotinaBatch.writer.ContasBancariasWriterConfig] [main] [18] [INFO ] Conta(id=0, tipoConta=DIAMANTE, Limite=5000.0, cliente=Cliente(nome=Broderick Lueilwitz, idade=31, email=rrunolfsdottir@example.org, faixaSalarial=6059.99))
[2023-03-07 20:47:47,312] [br.com.bancoxpto.rotinaBatch.writer.ContasBancariasWriterConfig] [main] [18] [INFO ] Conta(id=0, tipoConta=PRATA, Limite=500.0, cliente=Cliente(nome=Dayna Gleichner, idade=65, email=salvador.corwin@example.net, faixaSalarial=983.83))
[2023-03-07 20:47:47,319] [br.com.bancoxpto.rotinaBatch.writer.ContasBancariasWriterConfig] [main] [18] [INFO ] Conta(id=0, tipoConta=PRATA, Limite=500.0, cliente=Cliente(nome=Prof. Carli Will, idade=73, email=sophie.grimes@example.org, faixaSalarial=1405.43))
[2023-03-07 20:47:47,326] [br.com.bancoxpto.rotinaBatch.writer.ContasBancariasWriterConfig] [main] [18] [INFO ] Conta(id=0, tipoConta=PRATA, Limite=500.0, cliente=Cliente(nome=Prof. Al Oberbrunner Sr., idade=34, email=stehr.lane@example.com, faixaSalarial=479.21))
[2023-03-07 20:47:47,331] [br.com.bancoxpto.rotinaBatch.writer.ContasBancariasWriterConfig] [main] [18] [INFO ] Conta(id=0, tipoConta=DIAMANTE, Limite=5000.0, cliente=Cliente(nome=Francesco Ankunding, idade=93, email=swaniawski.sophia@example.com, faixaSalarial=7607114.09))
[2023-03-07 20:47:47,337] [br.com.bancoxpto.rotinaBatch.writer.ContasBancariasWriterConfig] [main] [18] [INFO ] Conta(id=0, tipoConta=DIAMANTE, Limite=5000.0, cliente=Cliente(nome=Arden Gorczany, idade=64, email=sylvester59@example.com, faixaSalarial=440195394.59))
[2023-03-07 20:47:47,342] [br.com.bancoxpto.rotinaBatch.writer.ContasBancariasWriterConfig] [main] [18] [INFO ] Conta(id=0, tipoConta=PRATA, Limite=500.0, cliente=Cliente(nome=Lesley Lueilwitz, idade=64, email=tbernier@example.com, faixaSalarial=455.82))
[2023-03-07 20:47:47,347] [br.com.bancoxpto.rotinaBatch.writer.ContasBancariasWriterConfig] [main] [18] [INFO ] Conta(id=0, tipoConta=PRATA, Limite=500.0, cliente=Cliente(nome=Carrie Hagenes I, idade=29, email=trycia.fay@example.org, faixaSalarial=745.03))
[2023-03-07 20:47:47,353] [br.com.bancoxpto.rotinaBatch.writer.ContasBancariasWriterConfig] [main] [18] [INFO ] Conta(id=0, tipoConta=PRATA, Limite=500.0, cliente=Cliente(nome=Lauren Torphy, idade=62, email=ublanda@example.net, faixaSalarial=788.06))
[2023-03-07 20:47:47,359] [br.com.bancoxpto.rotinaBatch.writer.ContasBancariasWriterConfig] [main] [18] [INFO ] Conta(id=0, tipoConta=PRATA, Limite=500.0, cliente=Cliente(nome=Georgianna Hoppe, idade=100, email=uturner@example.com, faixaSalarial=1027.07))
[2023-03-07 20:47:47,365] [br.com.bancoxpto.rotinaBatch.writer.ContasBancariasWriterConfig] [main] [18] [INFO ] Conta(id=0, tipoConta=DIAMANTE, Limite=5000.0, cliente=Cliente(nome=Dr. Vivien Miller, idade=42, email=vcremin@example.org, faixaSalarial=364854.36))
[2023-03-07 20:47:47,371] [br.com.bancoxpto.rotinaBatch.writer.ContasBancariasWriterConfig] [main] [18] [INFO ] Conta(id=0, tipoConta=PRATA, Limite=500.0, cliente=Cliente(nome=Verner Walker, idade=85, email=vlittle@example.com, faixaSalarial=845.41))
[2023-03-07 20:47:47,378] [br.com.bancoxpto.rotinaBatch.writer.ContasBancariasWriterConfig] [main] [18] [INFO ] Conta(id=0, tipoConta=PRATA, Limite=500.0, cliente=Cliente(nome=Noemi Tremblay, idade=27, email=ward.makenna@example.org, faixaSalarial=2110.2))
[2023-03-07 20:47:47,383] [br.com.bancoxpto.rotinaBatch.writer.ContasBancariasWriterConfig] [main] [18] [INFO ] Conta(id=0, tipoConta=DIAMANTE, Limite=5000.0, cliente=Cliente(nome=Dr. Erin Dooley, idade=32, email=wbruen@example.net, faixaSalarial=67165450.91))
[2023-03-07 20:47:47,389] [br.com.bancoxpto.rotinaBatch.writer.ContasBancariasWriterConfig] [main] [18] [INFO ] Conta(id=0, tipoConta=PRATA, Limite=500.0, cliente=Cliente(nome=Dr. Madison Schultz, idade=38, email=winnifred69@example.org, faixaSalarial=586.71))
[2023-03-07 20:47:47,396] [br.com.bancoxpto.rotinaBatch.writer.ContasBancariasWriterConfig] [main] [18] [INFO ] Conta(id=0, tipoConta=DIAMANTE, Limite=5000.0, cliente=Cliente(nome=Dr. Gladyce Klocko, idade=73, email=xhomenick@example.com, faixaSalarial=20627.86))
[2023-03-07 20:47:47,401] [br.com.bancoxpto.rotinaBatch.writer.ContasBancariasWriterConfig] [main] [18] [INFO ] Conta(id=0, tipoConta=DIAMANTE, Limite=5000.0, cliente=Cliente(nome=Modesta Kiehn, idade=26, email=xschoen@example.org, faixaSalarial=11129.81))
[2023-03-07 20:47:47,406] [br.com.bancoxpto.rotinaBatch.writer.ContasBancariasWriterConfig] [main] [18] [INFO ] Conta(id=0, tipoConta=DIAMANTE, Limite=5000.0, cliente=Cliente(nome=Madonna Russel MD, idade=61, email=yundt.eda@example.net, faixaSalarial=33943.39))
[2023-03-07 20:47:47,412] [br.com.bancoxpto.rotinaBatch.writer.ContasBancariasWriterConfig] [main] [18] [INFO ] Conta(id=0, tipoConta=PRATA, Limite=500.0, cliente=Cliente(nome=Michel Borer, idade=61, email=zkub@example.org, faixaSalarial=41.63))
[2023-03-07 20:47:47,418] [br.com.bancoxpto.rotinaBatch.writer.ContasBancariasWriterConfig] [main] [18] [INFO ] Conta(id=0, tipoConta=DIAMANTE, Limite=5000.0, cliente=Cliente(nome=Mr. Major O'Connell IV, idade=96, email=zmuller@example.org, faixaSalarial=57016018.85))
[2023-03-07 20:47:47,431] [org.springframework.batch.core.step.AbstractStep] [main] [293] [INFO ] Step: [contasBancariasStep] executed in 642ms
[2023-03-07 20:47:47,445] [org.springframework.batch.core.launch.support.SimpleJobLauncher$1] [main] [161] [INFO ] Job: [SimpleJob: [name=contasBancariasJob]] completed with the following parameters: [{'run.id':'{value=1, type=class java.lang.Long, identifying=true}'}] and the following status: [COMPLETED] in 673ms
[2023-03-07 20:47:47,453] [com.zaxxer.hikari.HikariDataSource] [SpringApplicationShutdownHook] [350] [INFO ] HikariPool-2 - Shutdown initiated...
[2023-03-07 20:47:47,458] [com.zaxxer.hikari.HikariDataSource] [SpringApplicationShutdownHook] [352] [INFO ] HikariPool-2 - Shutdown completed.
[2023-03-07 20:47:47,459] [org.springframework.orm.jpa.AbstractEntityManagerFactoryBean] [SpringApplicationShutdownHook] [650] [INFO ] Closing JPA EntityManagerFactory for persistence unit 'default'
[2023-03-07 20:47:47,461] [com.zaxxer.hikari.HikariDataSource] [SpringApplicationShutdownHook] [350] [INFO ] HikariPool-1 - Shutdown initiated...
[2023-03-07 20:47:47,464] [com.zaxxer.hikari.HikariDataSource] [SpringApplicationShutdownHook] [352] [INFO ] HikariPool-1 - Shutdown completed.
